<?xml version="1.0" encoding="UTF-8"?>
<!-- Generated by org.testng.reporters.JUnitReportReporter -->
<testsuite hostname="DarienK" failures="0" tests="5" name="hw2.CalculatorTest" time="0.002" errors="0" timestamp="2020-06-12T17:44:27 MSK" skipped="0">
  <testcase classname="hw2.CalculatorTest" name="testGetDifference" time="0.002"/>
  <system-out/>
  <testcase classname="hw2.CalculatorTest" name="testGetQuotient" time="0.000"/>
  <system-out/>
  <testcase classname="hw2.CalculatorTest" name="testGetSquare" time="0.000"/>
  <system-out/>
  <testcase classname="hw2.CalculatorTest" name="testGetSum" time="0.000"/>
  <system-out/>
  <testcase classname="hw2.CalculatorTest" name="testGetProduct" time="0.000"/>
  <system-out/>
</testsuite> <!-- hw2.CalculatorTest -->
